<?xml version="1.0" encoding="UTF-8"?>
<!-- Generated by org.testng.reporters.JUnitReportReporter -->
<testsuite hostname="LAPTOP-7099IJKT" failures="0" tests="2" name="com.parabanktest.LoginTest" time="5.750" errors="0" timestamp="2024-05-29T17:23:11 IST" skipped="0">
  <testcase classname="com.parabanktest.LoginTest" name="login" time="3.040"/>
  <testcase classname="com.parabanktest.LoginTest" name="login" time="2.710"/>
</testsuite> <!-- com.parabanktest.LoginTest -->
