<?xml version="1.0" encoding="UTF-8"?>
<!-- Generated by org.testng.reporters.JUnitReportReporter -->
<testsuite hostname="LAPTOP-7099IJKT" failures="0" tests="1" name="com.parabankframework.Login" time="10.201" errors="0" timestamp="2024-05-17T13:20:47 IST" skipped="0">
  <testcase classname="com.parabankframework.Login" name="loginpage" time="10.201"/>
</testsuite> <!-- com.parabankframework.Login -->
