<?xml version="1.0" encoding="UTF-8"?>
<!-- Generated by org.testng.reporters.JUnitReportReporter -->
<testsuite hostname="LAPTOP-7099IJKT" failures="0" tests="2" name="com.parabanktest.AccountTest" time="23.342" errors="0" timestamp="2024-05-29T17:23:11 IST" skipped="0">
  <testcase classname="com.parabanktest.AccountTest" name="accountSuccess" time="12.877"/>
  <testcase classname="com.parabanktest.AccountTest" name="accountSuccess" time="10.465"/>
</testsuite> <!-- com.parabanktest.AccountTest -->
