<?xml version="1.0" encoding="UTF-8"?>
<!-- Generated by org.testng.reporters.JUnitReportReporter -->
<testsuite hostname="LAPTOP-7099IJKT" failures="0" tests="2" name="com.parabanktest.LogoutTest" time="2.099" errors="0" timestamp="2024-05-29T17:23:11 IST" skipped="0">
  <testcase classname="com.parabanktest.LogoutTest" name="logoutaccount" time="1.453"/>
  <testcase classname="com.parabanktest.LogoutTest" name="logoutaccount" time="0.646"/>
</testsuite> <!-- com.parabanktest.LogoutTest -->
